<?xml version="1.0" encoding="UTF-8"?>
<testsuite name="com.creativeartie.writerstudio.util.ParameterCheckerTest$CustomMessages" tests="4" skipped="0" failures="0" errors="0" timestamp="2018-11-08T19:38:23" hostname="waikin-Satellite-U300" time="0.032">
  <properties/>
  <testcase name="stateFail()" classname="com.creativeartie.writerstudio.util.ParameterCheckerTest$CustomMessages" time="0.002"/>
  <testcase name="statePass()" classname="com.creativeartie.writerstudio.util.ParameterCheckerTest$CustomMessages" time="0.005"/>
  <testcase name="ioFail()" classname="com.creativeartie.writerstudio.util.ParameterCheckerTest$CustomMessages" time="0.001"/>
  <testcase name="ioPass()" classname="com.creativeartie.writerstudio.util.ParameterCheckerTest$CustomMessages" time="0.01"/>
  <system-out><![CDATA[]]></system-out>
  <system-err><![CDATA[]]></system-err>
</testsuite>
