<?xml version="1.0" encoding="UTF-8"?>
<testsuite name="com.creativeartie.writerstudio.util.ParameterCheckerTest$EmptyAsserts" tests="9" skipped="0" failures="0" errors="0" timestamp="2018-11-08T19:38:22" hostname="waikin-Satellite-U300" time="0.121">
  <properties/>
  <testcase name="stringNull()" classname="com.creativeartie.writerstudio.util.ParameterCheckerTest$EmptyAsserts" time="0.008"/>
  <testcase name="stringEmpty()" classname="com.creativeartie.writerstudio.util.ParameterCheckerTest$EmptyAsserts" time="0.012"/>
  <testcase name="arrayNull()" classname="com.creativeartie.writerstudio.util.ParameterCheckerTest$EmptyAsserts" time="0.021"/>
  <testcase name="arrayEmpty()" classname="com.creativeartie.writerstudio.util.ParameterCheckerTest$EmptyAsserts" time="0.003"/>
  <testcase name="stringFilled()" classname="com.creativeartie.writerstudio.util.ParameterCheckerTest$EmptyAsserts" time="0.004"/>
  <testcase name="collectionNull()" classname="com.creativeartie.writerstudio.util.ParameterCheckerTest$EmptyAsserts" time="0.002"/>
  <testcase name="arrayFilled()" classname="com.creativeartie.writerstudio.util.ParameterCheckerTest$EmptyAsserts" time="0.003"/>
  <testcase name="collectionEmpty()" classname="com.creativeartie.writerstudio.util.ParameterCheckerTest$EmptyAsserts" time="0.002"/>
  <testcase name="collectionFilled()" classname="com.creativeartie.writerstudio.util.ParameterCheckerTest$EmptyAsserts" time="0.008"/>
  <system-out><![CDATA[]]></system-out>
  <system-err><![CDATA[]]></system-err>
</testsuite>
