<?xml version="1.0" encoding="UTF-8"?>
<testsuite name="com.creativeartie.writerstudio.util.ParameterCheckerTest$EnumAsserts" tests="8" skipped="0" failures="0" errors="0" timestamp="2018-11-08T19:38:23" hostname="waikin-Satellite-U300" time="0.07">
  <properties/>
  <testcase name="requireEnumNotMatch()" classname="com.creativeartie.writerstudio.util.ParameterCheckerTest$EnumAsserts" time="0.004"/>
  <testcase name="notEnumNull()" classname="com.creativeartie.writerstudio.util.ParameterCheckerTest$EnumAsserts" time="0.003"/>
  <testcase name="requireEnumNull()" classname="com.creativeartie.writerstudio.util.ParameterCheckerTest$EnumAsserts" time="0.002"/>
  <testcase name="requireEnumAssert()" classname="com.creativeartie.writerstudio.util.ParameterCheckerTest$EnumAsserts" time="0.003"/>
  <testcase name="notEnumNotMatch()" classname="com.creativeartie.writerstudio.util.ParameterCheckerTest$EnumAsserts" time="0.009"/>
  <testcase name="requireEnumMatch()" classname="com.creativeartie.writerstudio.util.ParameterCheckerTest$EnumAsserts" time="0.005"/>
  <testcase name="notEnumMatch()" classname="com.creativeartie.writerstudio.util.ParameterCheckerTest$EnumAsserts" time="0.015"/>
  <testcase name="notEnumAssert()" classname="com.creativeartie.writerstudio.util.ParameterCheckerTest$EnumAsserts" time="0.012"/>
  <system-out><![CDATA[]]></system-out>
  <system-err><![CDATA[]]></system-err>
</testsuite>
